[15:30:50] [main/WARN]: Ambiguity between arguments [teleport, destination] and [teleport, targets] with inputs: [Player, 0123, @e, dd12be42-52a9-4a91-a8a1-11c01849e498]
[15:30:50] [main/WARN]: Ambiguity between arguments [teleport, location] and [teleport, destination] with inputs: [0.1 -0.5 .9, 0 0 0]
[15:30:50] [main/WARN]: Ambiguity between arguments [teleport, location] and [teleport, targets] with inputs: [0.1 -0.5 .9, 0 0 0]
[15:30:50] [main/WARN]: Ambiguity between arguments [teleport, targets] and [teleport, destination] with inputs: [Player, 0123, dd12be42-52a9-4a91-a8a1-11c01849e498]
[15:30:50] [main/WARN]: Ambiguity between arguments [teleport, targets, location] and [teleport, targets, destination] with inputs: [0.1 -0.5 .9, 0 0 0]
[15:30:50] [main/INFO]: Reloading ResourceManager: Default
[15:30:53] [Worker-Main-6/INFO]: Loaded 7 recipes
[15:30:55] [Worker-Main-6/INFO]: Loaded 927 advancements
[15:31:07] [Server thread/INFO]: Starting minecraft server version 1.16.5
[15:31:07] [Server thread/INFO]: Loading properties
[15:31:07] [Server thread/INFO]: Default game type: SURVIVAL
[15:31:07] [Server thread/INFO]: Generating keypair
[15:31:07] [Server console handler/ERROR]: Exception handling console input
java.io.IOException: The handle is invalid
	at java.io.FileInputStream.readBytes(Native Method) ~[?:1.8.0_51]
	at java.io.FileInputStream.read(Unknown Source) ~[?:1.8.0_51]
	at java.io.BufferedInputStream.read1(Unknown Source) ~[?:1.8.0_51]
	at java.io.BufferedInputStream.read(Unknown Source) ~[?:1.8.0_51]
	at sun.nio.cs.StreamDecoder.readBytes(Unknown Source) ~[?:1.8.0_51]
	at sun.nio.cs.StreamDecoder.implRead(Unknown Source) ~[?:1.8.0_51]
	at sun.nio.cs.StreamDecoder.read(Unknown Source) ~[?:1.8.0_51]
	at java.io.InputStreamReader.read(Unknown Source) ~[?:1.8.0_51]
	at java.io.BufferedReader.fill(Unknown Source) ~[?:1.8.0_51]
	at java.io.BufferedReader.readLine(Unknown Source) ~[?:1.8.0_51]
	at java.io.BufferedReader.readLine(Unknown Source) ~[?:1.8.0_51]
	at zg$1.run(SourceFile:95) [server.jar:?]
[15:31:08] [Server thread/INFO]: Starting Minecraft server on *:25565
[15:31:08] [Server thread/INFO]: Using default channel type
[15:31:12] [Server thread/INFO]: Preparing level "world"
[15:31:13] [Server thread/INFO]: Preparing start region for dimension minecraft:overworld
[15:31:20] [Server thread/INFO]: Preparing spawn area: 0%
[15:31:20] [Server thread/INFO]: Preparing spawn area: 0%
[15:31:20] [Server thread/INFO]: Preparing spawn area: 0%
[15:31:20] [Server thread/INFO]: Preparing spawn area: 0%
[15:31:20] [Server thread/INFO]: Preparing spawn area: 0%
[15:31:20] [Server thread/INFO]: Preparing spawn area: 0%
[15:31:20] [Server thread/INFO]: Preparing spawn area: 0%
[15:31:20] [Server thread/INFO]: Preparing spawn area: 0%
[15:31:20] [Server thread/INFO]: Preparing spawn area: 0%
[15:31:20] [Server thread/INFO]: Preparing spawn area: 0%
[15:31:20] [Server thread/INFO]: Preparing spawn area: 0%
[15:31:20] [Server thread/INFO]: Preparing spawn area: 0%
[15:31:20] [Server thread/INFO]: Preparing spawn area: 0%
[15:31:20] [Server thread/INFO]: Preparing spawn area: 0%
[15:31:20] [Server thread/INFO]: Preparing spawn area: 0%
[15:31:20] [Server thread/INFO]: Preparing spawn area: 0%
[15:31:22] [Server thread/INFO]: Preparing spawn area: 1%
[15:31:22] [Server thread/INFO]: Preparing spawn area: 1%
[15:31:22] [Server thread/INFO]: Preparing spawn area: 1%
[15:31:22] [Server thread/INFO]: Preparing spawn area: 1%
[15:31:36] [Worker-Main-8/INFO]: Preparing spawn area: 83%
[15:31:36] [Worker-Main-8/INFO]: Preparing spawn area: 83%
[15:31:36] [Worker-Main-8/INFO]: Preparing spawn area: 83%
[15:31:36] [Worker-Main-8/INFO]: Preparing spawn area: 83%
[15:31:36] [Worker-Main-8/INFO]: Preparing spawn area: 83%
[15:31:36] [Worker-Main-8/INFO]: Preparing spawn area: 83%
[15:31:37] [Worker-Main-8/INFO]: Preparing spawn area: 83%
[15:31:37] [Worker-Main-8/INFO]: Preparing spawn area: 83%
[15:31:37] [Worker-Main-8/INFO]: Preparing spawn area: 83%
[15:31:37] [Worker-Main-8/INFO]: Preparing spawn area: 83%
[15:31:37] [Worker-Main-8/INFO]: Preparing spawn area: 83%
[15:31:37] [Worker-Main-8/INFO]: Preparing spawn area: 83%
[15:31:37] [Worker-Main-8/INFO]: Preparing spawn area: 83%
[15:31:37] [Worker-Main-8/INFO]: Preparing spawn area: 83%
[15:31:37] [Worker-Main-8/INFO]: Preparing spawn area: 83%
[15:31:37] [Worker-Main-8/INFO]: Preparing spawn area: 83%
[15:31:37] [Worker-Main-8/INFO]: Preparing spawn area: 83%
[15:31:37] [Worker-Main-8/INFO]: Preparing spawn area: 83%
[15:31:37] [Worker-Main-8/INFO]: Preparing spawn area: 83%
[15:31:37] [Worker-Main-8/INFO]: Preparing spawn area: 83%
[15:31:37] [Worker-Main-8/INFO]: Preparing spawn area: 83%
[15:31:37] [Worker-Main-8/INFO]: Preparing spawn area: 83%
[15:31:37] [Worker-Main-8/INFO]: Preparing spawn area: 83%
[15:31:37] [Worker-Main-8/INFO]: Preparing spawn area: 83%
[15:31:37] [Worker-Main-8/INFO]: Preparing spawn area: 83%
[15:31:37] [Worker-Main-8/INFO]: Preparing spawn area: 83%
[15:31:37] [Worker-Main-8/INFO]: Preparing spawn area: 83%
[15:31:37] [Worker-Main-8/INFO]: Preparing spawn area: 83%
[15:31:37] [Worker-Main-8/INFO]: Preparing spawn area: 83%
[15:31:37] [Worker-Main-7/INFO]: Preparing spawn area: 83%
[15:31:38] [Worker-Main-9/INFO]: Preparing spawn area: 83%
[15:31:38] [Worker-Main-7/INFO]: Preparing spawn area: 83%
[15:31:39] [Worker-Main-8/INFO]: Preparing spawn area: 83%
[15:31:39] [Worker-Main-9/INFO]: Preparing spawn area: 83%
[15:31:40] [Worker-Main-8/INFO]: Preparing spawn area: 83%
[15:31:40] [Worker-Main-8/INFO]: Preparing spawn area: 83%
[15:31:41] [Worker-Main-7/INFO]: Preparing spawn area: 83%
[15:31:41] [Worker-Main-7/INFO]: Preparing spawn area: 83%
[15:31:42] [Worker-Main-7/INFO]: Preparing spawn area: 83%
[15:31:42] [Worker-Main-7/INFO]: Preparing spawn area: 83%
[15:31:43] [Worker-Main-8/INFO]: Preparing spawn area: 83%
[15:31:43] [Worker-Main-9/INFO]: Preparing spawn area: 83%
[15:31:44] [Worker-Main-7/INFO]: Preparing spawn area: 83%
[15:31:44] [Worker-Main-8/INFO]: Preparing spawn area: 83%
[15:31:45] [Worker-Main-7/INFO]: Preparing spawn area: 83%
[15:31:45] [Worker-Main-8/INFO]: Preparing spawn area: 83%
[15:31:46] [Worker-Main-8/INFO]: Preparing spawn area: 83%
[15:31:46] [Worker-Main-7/INFO]: Preparing spawn area: 83%
[15:31:47] [Worker-Main-7/INFO]: Preparing spawn area: 83%
[15:31:47] [Worker-Main-8/INFO]: Preparing spawn area: 83%
[15:31:48] [Worker-Main-7/INFO]: Preparing spawn area: 83%
[15:31:48] [Server thread/INFO]: Preparing spawn area: 83%
[15:31:49] [Worker-Main-7/INFO]: Preparing spawn area: 83%
[15:31:49] [Worker-Main-8/INFO]: Preparing spawn area: 83%
[15:31:50] [Worker-Main-7/INFO]: Preparing spawn area: 85%
[15:31:50] [Worker-Main-7/INFO]: Preparing spawn area: 85%
[15:31:51] [Worker-Main-7/INFO]: Preparing spawn area: 85%
[15:31:51] [Worker-Main-9/INFO]: Preparing spawn area: 85%
